<?xml version="1.0" encoding="UTF-8"?>
<testng-results ignored="0" total="2" passed="2" failed="0" skipped="0">
  <reporter-output>
  </reporter-output>
  <suite started-at="2023-07-03T15:04:30 IST" name="Parabnk Test Suti" finished-at="2023-07-03T15:05:06 IST" duration-ms="35668">
    <groups>
    </groups>
    <test started-at="2023-07-03T15:04:30 IST" name="Test" finished-at="2023-07-03T15:05:06 IST" duration-ms="35668">
      <class name="test_pages.Login_Page_Test">
        <test-method is-config="true" signature="setup()[pri:0, instance:test_pages.Login_Page_Test@750e2b97]" started-at="2023-07-03T15:04:30 IST" name="setup" finished-at="2023-07-03T15:04:54 IST" duration-ms="24030" status="PASS">
          <reporter-output>
          </reporter-output>
        </test-method> <!-- setup -->
        <test-method signature="loginpageTitle()[pri:1, instance:test_pages.Login_Page_Test@750e2b97]" started-at="2023-07-03T15:04:54 IST" name="loginpageTitle" finished-at="2023-07-03T15:04:54 IST" duration-ms="27" status="PASS">
          <reporter-output>
          </reporter-output>
        </test-method> <!-- loginpageTitle -->
        <test-method signature="loginpageTest()[pri:2, instance:test_pages.Login_Page_Test@750e2b97]" started-at="2023-07-03T15:04:57 IST" name="loginpageTest" finished-at="2023-07-03T15:05:03 IST" duration-ms="6020" status="PASS">
          <reporter-output>
          </reporter-output>
        </test-method> <!-- loginpageTest -->
        <test-method is-config="true" signature="teardown()[pri:0, instance:test_pages.Login_Page_Test@750e2b97]" started-at="2023-07-03T15:05:05 IST" name="teardown" finished-at="2023-07-03T15:05:06 IST" duration-ms="710" status="PASS">
          <reporter-output>
          </reporter-output>
        </test-method> <!-- teardown -->
      </class> <!-- test_pages.Login_Page_Test -->
    </test> <!-- Test -->
  </suite> <!-- Parabnk Test Suti -->
</testng-results>
