<?xml version="1.0" encoding="UTF-8"?>
<testng-results ignored="0" total="2" passed="2" failed="0" skipped="0">
  <reporter-output>
  </reporter-output>
  <suite started-at="2023-06-23T21:59:15 IST" name="Parabnk Test Suti" finished-at="2023-06-23T21:59:57 IST" duration-ms="42163">
    <groups>
    </groups>
    <test started-at="2023-06-23T21:59:15 IST" name="Test" finished-at="2023-06-23T21:59:57 IST" duration-ms="42163">
      <class name="test_pages.Login_Page_Test">
        <test-method is-config="true" signature="setup()[pri:0, instance:test_pages.Login_Page_Test@750e2b97]" started-at="2023-06-23T21:59:15 IST" name="setup" finished-at="2023-06-23T21:59:44 IST" duration-ms="29389" status="PASS">
          <reporter-output>
          </reporter-output>
        </test-method> <!-- setup -->
        <test-method signature="loginpageTitle()[pri:1, instance:test_pages.Login_Page_Test@750e2b97]" started-at="2023-06-23T21:59:44 IST" name="loginpageTitle" finished-at="2023-06-23T21:59:45 IST" duration-ms="223" status="PASS">
          <reporter-output>
          </reporter-output>
        </test-method> <!-- loginpageTitle -->
        <test-method signature="loginpageTest()[pri:2, instance:test_pages.Login_Page_Test@750e2b97]" started-at="2023-06-23T21:59:47 IST" name="loginpageTest" finished-at="2023-06-23T21:59:53 IST" duration-ms="5644" status="PASS">
          <reporter-output>
          </reporter-output>
        </test-method> <!-- loginpageTest -->
        <test-method is-config="true" signature="teardown()[pri:0, instance:test_pages.Login_Page_Test@750e2b97]" started-at="2023-06-23T21:59:55 IST" name="teardown" finished-at="2023-06-23T21:59:57 IST" duration-ms="2144" status="PASS">
          <reporter-output>
          </reporter-output>
        </test-method> <!-- teardown -->
      </class> <!-- test_pages.Login_Page_Test -->
    </test> <!-- Test -->
  </suite> <!-- Parabnk Test Suti -->
</testng-results>
